<?xml version="1.0" encoding="UTF-8"?>
<!-- Generated by org.testng.reporters.JUnitReportReporter -->
<testsuite hostname="catl0wpab85349" failures="0" tests="3" name="Selenium.SeleniumFrameworkDesign.t.StandaloneTest" time="42.219" errors="0" timestamp="2025-01-21T21:30:26 EST" skipped="0">
  <testcase classname="Selenium.SeleniumFrameworkDesign.t.StandaloneTest" name="OrderHistoryCheck" time="11.066"/>
  <system-out/>
  <testcase classname="Selenium.SeleniumFrameworkDesign.t.StandaloneTest" name="Order" time="14.920"/>
  <system-out/>
  <testcase classname="Selenium.SeleniumFrameworkDesign.t.StandaloneTest" name="Order" time="16.233"/>
  <system-out/>
</testsuite> <!-- Selenium.SeleniumFrameworkDesign.t.StandaloneTest -->
