<?xml version="1.0" encoding="UTF-8"?>
<!-- Generated by org.testng.reporters.JUnitReportReporter -->
<testsuite hostname="catl0wpab85349" failures="0" tests="1" name="cucumber.TestNGTestrunner" time="20.339" errors="0" timestamp="2025-01-23T12:01:44 EST" skipped="0">
  <testcase classname="cucumber.TestNGTestrunner" name="runScenario" time="20.339"/>
  <system-out/>
</testsuite> <!-- cucumber.TestNGTestrunner -->
