<?xml version="1.0" encoding="UTF-8"?>
<!-- Generated by org.testng.reporters.JUnitReportReporter -->
<testsuite hostname="catl0wpab85349" failures="0" tests="3" name="Selenium.SeleniumFrameworkDesign.t.StandaloneTest" time="39.383" errors="0" timestamp="2025-01-23T12:10:09 EST" skipped="0">
  <testcase classname="Selenium.SeleniumFrameworkDesign.t.StandaloneTest" name="OrderHistoryCheck" time="7.176"/>
  <testcase classname="Selenium.SeleniumFrameworkDesign.t.StandaloneTest" name="Order" time="14.635"/>
  <testcase classname="Selenium.SeleniumFrameworkDesign.t.StandaloneTest" name="Order" time="17.572"/>
</testsuite> <!-- Selenium.SeleniumFrameworkDesign.t.StandaloneTest -->
